{"total": {"lines":{"total":152,"covered":147,"skipped":0,"pct":96.71},"statements":{"total":155,"covered":149,"skipped":0,"pct":96.12},"functions":{"total":26,"covered":25,"skipped":0,"pct":96.15},"branches":{"total":19,"covered":14,"skipped":0,"pct":73.68},"branchesTrue":{"total":0,"covered":0,"skipped":0,"pct":"Unknown"}}
,"/Users/dmitrijd/Desktop/Start/npm_modules/doctrack/src/Document.ts": {"lines":{"total":28,"covered":28,"skipped":0,"pct":100},"functions":{"total":6,"covered":6,"skipped":0,"pct":100},"statements":{"total":28,"covered":28,"skipped":0,"pct":100},"branches":{"total":4,"covered":4,"skipped":0,"pct":100}}
,"/Users/dmitrijd/Desktop/Start/npm_modules/doctrack/src/Injector.ts": {"lines":{"total":3,"covered":3,"skipped":0,"pct":100},"functions":{"total":1,"covered":1,"skipped":0,"pct":100},"statements":{"total":3,"covered":3,"skipped":0,"pct":100},"branches":{"total":0,"covered":0,"skipped":0,"pct":100}}
,"/Users/dmitrijd/Desktop/Start/npm_modules/doctrack/src/Spreadsheet.injector.ts": {"lines":{"total":75,"covered":71,"skipped":0,"pct":94.66},"functions":{"total":7,"covered":7,"skipped":0,"pct":100},"statements":{"total":75,"covered":71,"skipped":0,"pct":94.66},"branches":{"total":14,"covered":10,"skipped":0,"pct":71.42}}
,"/Users/dmitrijd/Desktop/Start/npm_modules/doctrack/src/Workbook.injector.ts": {"lines":{"total":29,"covered":28,"skipped":0,"pct":96.55},"functions":{"total":2,"covered":2,"skipped":0,"pct":100},"statements":{"total":29,"covered":28,"skipped":0,"pct":96.55},"branches":{"total":1,"covered":0,"skipped":0,"pct":0}}
,"/Users/dmitrijd/Desktop/Start/npm_modules/doctrack/src/index.ts": {"lines":{"total":17,"covered":17,"skipped":0,"pct":100},"functions":{"total":10,"covered":9,"skipped":0,"pct":90},"statements":{"total":20,"covered":19,"skipped":0,"pct":95},"branches":{"total":0,"covered":0,"skipped":0,"pct":100}}
}
