TN:
SF:src/Document.ts
FN:10,(anonymous_1)
FN:12,(anonymous_2)
FN:26,(anonymous_3)
FN:29,(anonymous_4)
FN:35,(anonymous_5)
FN:38,(anonymous_6)
FNF:6
FNH:6
FNDA:48,(anonymous_1)
FNDA:48,(anonymous_2)
FNDA:24,(anonymous_3)
FNDA:24,(anonymous_4)
FNDA:24,(anonymous_5)
FNDA:24,(anonymous_6)
DA:1,1
DA:2,1
DA:4,1
DA:6,1
DA:7,1
DA:9,1
DA:10,48
DA:13,48
DA:15,48
DA:16,16
DA:17,32
DA:18,16
DA:20,16
DA:23,48
DA:27,24
DA:30,24
DA:31,24
DA:36,24
DA:39,24
DA:40,24
DA:44,1
DA:45,1
DA:46,1
DA:47,1
DA:49,1
DA:50,1
DA:51,1
DA:52,1
LF:28
LH:28
BRDA:15,0,0,16
BRDA:15,0,1,32
BRDA:17,1,0,16
BRDA:17,1,1,16
BRF:4
BRH:4
end_of_record
TN:
SF:src/Injector.ts
FN:4,(anonymous_1)
FNF:1
FNH:1
FNDA:66,(anonymous_1)
DA:1,1
DA:3,1
DA:5,66
LF:3
LH:3
BRF:0
BRH:0
end_of_record
TN:
SF:src/Spreadsheet.injector.ts
FN:12,(anonymous_1)
FN:19,(anonymous_2)
FN:46,(anonymous_3)
FN:134,(anonymous_4)
FN:178,(anonymous_5)
FN:209,(anonymous_6)
FN:253,(anonymous_7)
FNF:7
FNH:7
FNDA:24,(anonymous_1)
FNDA:24,(anonymous_2)
FNDA:24,(anonymous_3)
FNDA:24,(anonymous_4)
FNDA:18,(anonymous_5)
FNDA:18,(anonymous_6)
FNDA:18,(anonymous_7)
DA:3,1
DA:4,1
DA:5,1
DA:8,1
DA:13,24
DA:14,24
DA:16,24
DA:20,24
DA:22,24
DA:24,24
DA:25,24
DA:27,24
DA:28,24
DA:30,24
DA:31,24
DA:33,24
DA:34,18
DA:35,18
DA:43,24
DA:47,24
DA:51,24
DA:52,18
DA:58,6
DA:61,24
DA:63,24
DA:66,24
DA:124,24
DA:125,18
DA:127,24
DA:129,24
DA:131,24
DA:135,24
DA:137,24
DA:140,24
DA:141,18
DA:145,6
DA:148,24
DA:151,24
DA:160,24
DA:161,0
DA:169,24
DA:170,18
DA:173,24
DA:175,24
DA:179,18
DA:181,18
DA:182,18
DA:185,18
DA:186,0
DA:189,18
DA:190,18
DA:193,18
DA:199,18
DA:200,18
DA:202,18
DA:204,18
DA:206,18
DA:210,18
DA:211,18
DA:214,18
DA:215,18
DA:219,0
DA:222,18
DA:225,18
DA:233,18
DA:234,0
DA:244,18
DA:245,18
DA:248,18
DA:250,18
DA:254,18
DA:256,18
DA:257,18
DA:261,18
DA:267,18
LF:75
LH:71
BRDA:33,0,0,18
BRDA:51,1,0,18
BRDA:51,1,1,6
BRDA:124,2,0,18
BRDA:140,3,0,18
BRDA:140,3,1,6
BRDA:160,4,0,0
BRDA:169,5,0,18
BRDA:185,6,0,0
BRDA:199,7,0,18
BRDA:214,8,0,18
BRDA:214,8,1,0
BRDA:233,9,0,0
BRDA:244,10,0,18
BRF:14
BRH:10
end_of_record
TN:
SF:src/Workbook.injector.ts
FN:22,(anonymous_1)
FN:29,(anonymous_2)
FNF:2
FNH:2
FNDA:24,(anonymous_1)
FNDA:24,(anonymous_2)
DA:3,1
DA:4,1
DA:5,1
DA:21,1
DA:23,24
DA:24,24
DA:26,24
DA:30,24
DA:31,24
DA:32,24
DA:34,24
DA:36,24
DA:37,24
DA:39,24
DA:41,24
DA:43,24
DA:44,24
DA:45,24
DA:53,24
DA:55,24
DA:56,24
DA:60,24
DA:63,24
DA:216,24
DA:218,0
DA:221,24
DA:222,24
DA:226,24
DA:229,24
LF:29
LH:28
BRDA:216,0,0,0
BRF:1
BRH:0
end_of_record
TN:
SF:src/index.ts
FN:8,(anonymous_5)
FN:13,(anonymous_6)
FN:19,(anonymous_7)
FN:24,(anonymous_8)
FN:28,(anonymous_9)
FN:32,(anonymous_10)
FN:33,(anonymous_11)
FN:35,(anonymous_12)
FN:36,(anonymous_13)
FN:37,(anonymous_14)
FNF:10
FNH:9
FNDA:48,(anonymous_5)
FNDA:32,(anonymous_6)
FNDA:8,(anonymous_7)
FNDA:8,(anonymous_8)
FNDA:48,(anonymous_9)
FNDA:8,(anonymous_10)
FNDA:8,(anonymous_11)
FNDA:406,(anonymous_12)
FNDA:8,(anonymous_13)
FNDA:0,(anonymous_14)
DA:1,1
DA:2,1
DA:5,1
DA:7,1
DA:9,48
DA:10,48
DA:14,32
DA:15,32
DA:20,8
DA:21,8
DA:25,8
DA:29,48
DA:33,8
DA:34,8
DA:35,406
DA:36,8
DA:37,8
LF:17
LH:17
BRF:0
BRH:0
end_of_record
